2026-06-12 23:03:37 [main] INFO  Log - Starting Webdriver
2026-06-12 23:03:39 [main] INFO  Log - Navigating to URL....
2026-06-12 23:03:40 [main] INFO  Log - Starting login test....
2026-06-12 23:03:40 [main] INFO  Log - Adding credentials
2026-06-12 23:03:41 [main] INFO  Log - Clicking login button
2026-06-12 23:03:42 [main] INFO  Log - Closing Browser.....
2026-06-12 23:21:50 [main] INFO  Log - Starting Webdriver
2026-06-12 23:21:52 [main] INFO  Log - Navigating to URL....
2026-06-12 23:21:53 [main] INFO  Log - Starting login test....
2026-06-12 23:21:53 [main] INFO  Log - Adding credentials
2026-06-12 23:21:53 [main] INFO  Log - Clicking login button
2026-06-12 23:21:54 [main] INFO  Log - Closing Browser.....
2026-06-13 00:21:12 [main] INFO  Log - Starting Webdriver
2026-06-13 00:21:15 [main] INFO  Log - Navigating to URL....
2026-06-13 00:21:15 [main] INFO  Log - Starting login test....
2026-06-13 00:21:15 [main] INFO  Log - Adding credentials
2026-06-13 00:21:16 [main] INFO  Log - Clicking login button
2026-06-13 00:21:16 [main] INFO  Log - Closing Browser.....
2026-06-13 01:00:16 [main] INFO  Log - Starting Webdriver
2026-06-13 01:00:18 [main] INFO  Log - Navigating to URL....
2026-06-13 01:00:19 [main] INFO  Log - Starting login test....
2026-06-13 01:00:19 [main] INFO  Log - Adding credentials
2026-06-13 01:00:19 [main] INFO  Log - Clicking login button
2026-06-13 01:00:20 [main] INFO  Log - Closing Browser.....
2026-06-13 01:07:18 [main] INFO  Log - Starting Webdriver
2026-06-13 01:07:20 [main] INFO  Log - Navigating to URL....
2026-06-13 01:07:21 [main] INFO  Log - Starting login test....
2026-06-13 01:07:21 [main] INFO  Log - Adding credentials
2026-06-13 01:07:21 [main] INFO  Log - Clicking login button
2026-06-13 01:08:35 [main] INFO  Log - Starting Webdriver
2026-06-13 01:08:36 [main] INFO  Log - Navigating to URL....
2026-06-13 01:08:37 [main] INFO  Log - Starting login test....
2026-06-13 01:08:37 [main] INFO  Log - Adding credentials
2026-06-13 01:08:38 [main] INFO  Log - Clicking login button
2026-06-13 01:11:24 [main] INFO  Log - Starting Webdriver
2026-06-13 01:11:26 [main] INFO  Log - Navigating to URL....
2026-06-13 01:11:26 [main] INFO  Log - Starting login test....
2026-06-13 01:11:26 [main] INFO  Log - Adding credentials
2026-06-13 01:11:27 [main] INFO  Log - Clicking login button
2026-06-13 01:13:17 [main] INFO  Log - Starting Webdriver
2026-06-13 01:13:19 [main] INFO  Log - Navigating to URL....
2026-06-13 01:13:20 [main] INFO  Log - Starting login test....
2026-06-13 01:13:20 [main] INFO  Log - Adding credentials
2026-06-13 01:13:21 [main] INFO  Log - Clicking login button
2026-06-13 01:13:21 [main] INFO  Log - Closing Browser.....
2026-06-13 17:11:06 [main] INFO  Log - Starting Webdriver
2026-06-13 17:11:10 [main] INFO  Log - Navigating to URL....
2026-06-13 17:11:12 [main] INFO  Log - Starting login test....
2026-06-13 17:11:12 [main] INFO  Log - Adding credentials
2026-06-13 17:11:12 [main] INFO  Log - Clicking login button
2026-06-13 17:11:13 [main] INFO  Log - Closing Browser.....
2026-06-13 17:13:01 [main] INFO  Log - Starting Webdriver
2026-06-13 17:13:03 [main] INFO  Log - Navigating to URL....
2026-06-13 17:13:04 [main] INFO  Log - Starting login test....
2026-06-13 17:13:04 [main] INFO  Log - Adding credentials
2026-06-13 17:13:05 [main] INFO  Log - Clicking login button
2026-06-13 17:13:06 [main] INFO  Log - Closing Browser.....
2026-06-14 13:49:28 [main] INFO  Log - Starting Webdriver
2026-06-14 13:49:32 [main] INFO  Log - Navigating to URL....
2026-06-14 13:49:33 [main] INFO  Log - Starting login test....
2026-06-14 13:49:33 [main] INFO  Log - Adding credentials
2026-06-14 13:49:33 [main] INFO  Log - Clicking login button
2026-06-14 13:49:34 [main] INFO  Log - Closing Browser.....
2026-06-14 13:49:34 [main] INFO  Log - Starting Webdriver
2026-06-14 13:49:35 [main] INFO  Log - Navigating to URL....
2026-06-14 13:49:36 [main] INFO  Log - Starting login test....
2026-06-14 13:49:36 [main] INFO  Log - Adding credentials
2026-06-14 13:49:36 [main] INFO  Log - Clicking login button
2026-06-14 13:49:36 [main] INFO  Log - Closing Browser.....
2026-06-14 13:49:37 [main] INFO  Log - Starting Webdriver
2026-06-14 13:49:38 [main] INFO  Log - Navigating to URL....
2026-06-14 13:49:38 [main] INFO  Log - Starting login test....
2026-06-14 13:49:38 [main] INFO  Log - Adding credentials
2026-06-14 13:49:39 [main] INFO  Log - Clicking login button
2026-06-14 13:49:39 [main] INFO  Log - Closing Browser.....
2026-06-14 13:55:40 [main] INFO  Log - Starting Webdriver
2026-06-14 13:55:41 [main] INFO  Log - Navigating to URL....
2026-06-14 13:55:42 [main] INFO  Log - Starting login test....
2026-06-14 13:55:42 [main] INFO  Log - Adding credentials
2026-06-14 13:55:43 [main] INFO  Log - Clicking login button
2026-06-14 13:55:43 [main] INFO  Log - Closing Browser.....
2026-06-14 13:55:43 [main] INFO  Log - Starting Webdriver
2026-06-14 13:55:44 [main] INFO  Log - Navigating to URL....
2026-06-14 13:55:46 [main] INFO  Log - Starting login test....
2026-06-14 13:55:46 [main] INFO  Log - Adding credentials
2026-06-14 13:55:46 [main] INFO  Log - Clicking login button
2026-06-14 13:55:46 [main] INFO  Log - Closing Browser.....
2026-06-14 13:55:47 [main] INFO  Log - Starting Webdriver
2026-06-14 13:55:48 [main] INFO  Log - Navigating to URL....
2026-06-14 13:55:48 [main] INFO  Log - Starting login test....
2026-06-14 13:55:48 [main] INFO  Log - Adding credentials
2026-06-14 13:55:49 [main] INFO  Log - Clicking login button
2026-06-14 13:55:49 [main] INFO  Log - Closing Browser.....
2026-06-14 13:58:05 [main] INFO  Log - Starting Webdriver
2026-06-14 13:58:06 [main] INFO  Log - Navigating to URL....
2026-06-14 13:58:07 [main] INFO  Log - Starting login test....
2026-06-14 13:58:07 [main] INFO  Log - Adding credentials
2026-06-14 13:58:08 [main] INFO  Log - Clicking login button
2026-06-14 13:58:08 [main] INFO  Log - Closing Browser.....
2026-06-14 13:58:08 [main] INFO  Log - Starting Webdriver
2026-06-14 13:58:09 [main] INFO  Log - Navigating to URL....
2026-06-14 13:58:10 [main] INFO  Log - Starting login test....
2026-06-14 13:58:10 [main] INFO  Log - Adding credentials
2026-06-14 13:58:11 [main] INFO  Log - Clicking login button
2026-06-14 13:58:11 [main] INFO  Log - Closing Browser.....
2026-06-14 13:58:11 [main] INFO  Log - Starting Webdriver
2026-06-14 13:58:12 [main] INFO  Log - Navigating to URL....
2026-06-14 13:58:13 [main] INFO  Log - Starting login test....
2026-06-14 13:58:13 [main] INFO  Log - Adding credentials
2026-06-14 13:58:14 [main] INFO  Log - Clicking login button
2026-06-14 13:58:14 [main] INFO  Log - Closing Browser.....
2026-06-14 14:18:56 [main] INFO  Log - Starting Webdriver
2026-06-14 14:18:58 [main] INFO  Log - Navigating to URL....
2026-06-14 14:18:59 [main] INFO  Log - Starting login test....
2026-06-14 14:18:59 [main] INFO  Log - Adding credentials
2026-06-14 14:18:59 [main] INFO  Log - Clicking login button
2026-06-14 14:18:59 [main] INFO  Log - Closing Browser.....
2026-06-14 14:18:59 [main] INFO  Log - Starting Webdriver
2026-06-14 14:19:00 [main] INFO  Log - Navigating to URL....
2026-06-14 14:19:01 [main] INFO  Log - Starting login test....
2026-06-14 14:19:01 [main] INFO  Log - Adding credentials
2026-06-14 14:19:01 [main] INFO  Log - Clicking login button
2026-06-14 14:19:02 [main] INFO  Log - Closing Browser.....
2026-06-14 14:19:02 [main] INFO  Log - Starting Webdriver
2026-06-14 14:19:03 [main] INFO  Log - Navigating to URL....
2026-06-14 14:19:03 [main] INFO  Log - Starting login test....
2026-06-14 14:19:03 [main] INFO  Log - Adding credentials
2026-06-14 14:19:04 [main] INFO  Log - Clicking login button
2026-06-14 14:19:04 [main] INFO  Log - Closing Browser.....
2026-06-14 17:21:07 [main] INFO  Log - Starting Webdriver
2026-06-14 17:21:10 [main] INFO  Log - Navigating to URL....
2026-06-14 17:21:12 [main] INFO  Log - Starting login test....
2026-06-14 17:21:12 [main] INFO  Log - Adding credentials
2026-06-14 17:21:12 [main] INFO  Log - Clicking login button
2026-06-14 17:21:12 [main] INFO  Log - Closing Browser.....
2026-06-14 17:21:13 [main] INFO  Log - Starting Webdriver
2026-06-14 17:21:14 [main] INFO  Log - Navigating to URL....
2026-06-14 17:21:14 [main] INFO  Log - Starting login test....
2026-06-14 17:21:14 [main] INFO  Log - Adding credentials
2026-06-14 17:21:15 [main] INFO  Log - Clicking login button
2026-06-14 17:21:15 [main] INFO  Log - Closing Browser.....
2026-06-14 17:21:15 [main] INFO  Log - Starting Webdriver
2026-06-14 17:21:16 [main] INFO  Log - Navigating to URL....
2026-06-14 17:21:17 [main] INFO  Log - Starting login test....
2026-06-14 17:21:17 [main] INFO  Log - Adding credentials
2026-06-14 17:21:17 [main] INFO  Log - Clicking login button
2026-06-14 17:21:18 [main] INFO  Log - Closing Browser.....
